Using pre-set license
Built from '2021.1/staging' branch; Version is '2021.1.6f1 (c0fade0cc7e9) revision 12647134'; Using compiler version '192528614'; Build Type 'Release'
OS: 'Windows 10 Home; OS build 19041.985; Version 2004; 64bit' Language: 'en' Physical Memory: 16250 MB
BatchMode: 1, IsHumanControllingUs: 0, StartBugReporterOnCrash: 0, Is64bit: 1, IsPro: 0

 COMMAND LINE ARGUMENTS:
D:\Programs\Unity\2021.1.6f1\Editor\Unity.exe
-adb2
-batchMode
-noUpm
-name
AssetImportWorker0
-projectPath
D:/Projects/Draft/Draft
-logFile
Logs/AssetImportWorker0.log
-srvPort
55134
Successfully changed project path to: D:/Projects/Draft/Draft
D:/Projects/Draft/Draft
Using Asset Import Pipeline V2.
Refreshing native plugins compatible for Editor in 46.92 ms, found 1 plugins.
Preloading 0 native plugins for Editor in 0.00 ms.
Initialize engine version: 2021.1.6f1 (c0fade0cc7e9)
[Subsystems] Discovering subsystems at path D:/Programs/Unity/2021.1.6f1/Editor/Data/Resources/UnitySubsystems
[Subsystems] Discovering subsystems at path D:/Projects/Draft/Draft/Assets
GfxDevice: creating device client; threaded=0; jobified=0
Direct3D:
    Version:  Direct3D 11.0 [level 11.1]
    Renderer: NVIDIA GeForce GTX 1050 Ti (ID=0x1c8c)
    Vendor:   NVIDIA
    VRAM:     4018 MB
    Driver:   27.21.14.6589
Initialize mono
Mono path[0] = 'D:/Programs/Unity/2021.1.6f1/Editor/Data/Managed'
Mono path[1] = 'D:/Programs/Unity/2021.1.6f1/Editor/Data/MonoBleedingEdge/lib/mono/unityjit'
Mono config path = 'D:/Programs/Unity/2021.1.6f1/Editor/Data/MonoBleedingEdge/etc'
Using monoOptions --debugger-agent=transport=dt_socket,embedding=1,server=y,suspend=n,address=127.0.0.1:56420
Begin MonoManager ReloadAssembly
Registering precompiled unity dll's ...
Register platform support module: D:/Programs/Unity/2021.1.6f1/Editor/Data/PlaybackEngines/WebGLSupport/UnityEditor.WebGL.Extensions.dll
Register platform support module: D:/Programs/Unity/2021.1.6f1/Editor/Data/PlaybackEngines/WindowsStandaloneSupport/UnityEditor.WindowsStandalone.Extensions.dll
Registered in 0.001484 seconds.
Native extension for WindowsStandalone target not found
Native extension for WebGL target not found
Refreshing native plugins compatible for Editor in 57.87 ms, found 1 plugins.
Preloading 0 native plugins for Editor in 0.00 ms.
Mono: successfully reloaded assembly
- Completed reload, in  1.900 seconds
Platform modules already initialized, skipping
Registering precompiled user dll's ...
Registered in 0.002945 seconds.
Begin MonoManager ReloadAssembly
Native extension for WindowsStandalone target not found
Native extension for WebGL target not found
Refreshing native plugins compatible for Editor in 55.70 ms, found 1 plugins.
Preloading 0 native plugins for Editor in 0.00 ms.
Mono: successfully reloaded assembly
- Completed reload, in  1.140 seconds
Platform modules already initialized, skipping
========================================================================
Worker process is ready to serve import requests
Launched and connected shader compiler UnityShaderCompiler.exe after 0.06 seconds
Refreshing native plugins compatible for Editor in 0.51 ms, found 1 plugins.
Preloading 0 native plugins for Editor in 0.00 ms.
Unloading 2056 Unused Serialized files (Serialized files now loaded: 0)
System memory in use before: 93.7 MB.
System memory in use after: 93.8 MB.

Unloading 36 unused Assets to reduce memory usage. Loaded Objects now: 2502.
Total: 2.769300 ms (FindLiveObjects: 0.175000 ms CreateObjectMapping: 0.073300 ms MarkObjects: 2.398400 ms  DeleteObjects: 0.121600 ms)

========================================================================
Received Import Request.
  path: Assets/Prefabs/Piles/pf_Pile_Test.prefab
  artifactKey: Guid(b68a650d628b86646b6b419ed8b238c6) Importer(815301076,1909f56bfc062723c751e8b465ee728b)
Start importing Assets/Prefabs/Piles/pf_Pile_Test.prefab using Guid(b68a650d628b86646b6b419ed8b238c6) Importer(815301076,1909f56bfc062723c751e8b465ee728b)  -> (artifact id: 'c2a11fcdcd408d7e6cd4890f468638e1') in 0.197378 seconds 
========================================================================
Received Import Request.
  Time since last request: 117.972155 seconds.
  path: Assets/Scripts/Player/PlayerWallet.cs
  artifactKey: Guid(2d5a8377468937d4b89d70ec2760aa7f) Importer(815301076,1909f56bfc062723c751e8b465ee728b)
Start importing Assets/Scripts/Player/PlayerWallet.cs using Guid(2d5a8377468937d4b89d70ec2760aa7f) Importer(815301076,1909f56bfc062723c751e8b465ee728b)  -> (artifact id: 'e66e6a722b80e6030b3fb18aa367ba54') in 0.027334 seconds 
========================================================================
Received Import Request.
  Time since last request: 2.314168 seconds.
  path: Assets/Scripts/Player/PlayerInput.cs
  artifactKey: Guid(1803341bcdadee245b2e0b5d88a63853) Importer(815301076,1909f56bfc062723c751e8b465ee728b)
Start importing Assets/Scripts/Player/PlayerInput.cs using Guid(1803341bcdadee245b2e0b5d88a63853) Importer(815301076,1909f56bfc062723c751e8b465ee728b)  -> (artifact id: '742e94b5f28f9d0679653d3568d05f9f') in 0.043046 seconds 
AssetImportWorkerClient::OnTransportError - code=2 error=End of file
