Using pre-set license
Built from '2021.1/staging' branch; Version is '2021.1.6f1 (c0fade0cc7e9) revision 12647134'; Using compiler version '192528614'; Build Type 'Release'
OS: 'Windows 10 Home; OS build 19043.1110; Version 2009; 64bit' Language: 'en' Physical Memory: 16250 MB
BatchMode: 1, IsHumanControllingUs: 0, StartBugReporterOnCrash: 0, Is64bit: 1, IsPro: 0

 COMMAND LINE ARGUMENTS:
D:\Programs\Unity\2021.1.6f1\Editor\Unity.exe
-adb2
-batchMode
-noUpm
-name
AssetImportWorker1
-projectPath
D:/Projects/Draft/Draft
-logFile
Logs/AssetImportWorker1.log
-srvPort
59354
Successfully changed project path to: D:/Projects/Draft/Draft
D:/Projects/Draft/Draft
Using Asset Import Pipeline V2.
Refreshing native plugins compatible for Editor in 78.40 ms, found 1 plugins.
Preloading 0 native plugins for Editor in 0.00 ms.
Initialize engine version: 2021.1.6f1 (c0fade0cc7e9)
[Subsystems] Discovering subsystems at path D:/Programs/Unity/2021.1.6f1/Editor/Data/Resources/UnitySubsystems
[Subsystems] Discovering subsystems at path D:/Projects/Draft/Draft/Assets
GfxDevice: creating device client; threaded=0; jobified=0
Direct3D:
    Version:  Direct3D 11.0 [level 11.1]
    Renderer: NVIDIA GeForce GTX 1050 Ti (ID=0x1c8c)
    Vendor:   NVIDIA
    VRAM:     4018 MB
    Driver:   30.0.14.7111
Initialize mono
Mono path[0] = 'D:/Programs/Unity/2021.1.6f1/Editor/Data/Managed'
Mono path[1] = 'D:/Programs/Unity/2021.1.6f1/Editor/Data/MonoBleedingEdge/lib/mono/unityjit'
Mono config path = 'D:/Programs/Unity/2021.1.6f1/Editor/Data/MonoBleedingEdge/etc'
Using monoOptions --debugger-agent=transport=dt_socket,embedding=1,server=y,suspend=n,address=127.0.0.1:56372
Begin MonoManager ReloadAssembly
Registering precompiled unity dll's ...
Register platform support module: D:/Programs/Unity/2021.1.6f1/Editor/Data/PlaybackEngines/WebGLSupport/UnityEditor.WebGL.Extensions.dll
Register platform support module: D:/Programs/Unity/2021.1.6f1/Editor/Data/PlaybackEngines/WindowsStandaloneSupport/UnityEditor.WindowsStandalone.Extensions.dll
Registered in 0.001857 seconds.
Native extension for WindowsStandalone target not found
Native extension for WebGL target not found
Refreshing native plugins compatible for Editor in 80.18 ms, found 1 plugins.
Preloading 0 native plugins for Editor in 0.00 ms.
Mono: successfully reloaded assembly
- Completed reload, in  3.588 seconds
Platform modules already initialized, skipping
Registering precompiled user dll's ...
Registered in 0.002172 seconds.
Begin MonoManager ReloadAssembly
OnLevelWasLoaded was found on PlayerInput
This message has been deprecated and will be removed in a later version of Unity.
Add a delegate to SceneManager.sceneLoaded instead to get notifications after scene loading has completed
0x00007ff6f6e17aec (Unity) StackWalker::GetCurrentCallstack
0x00007ff6f6e1dc89 (Unity) StackWalker::ShowCallstack
0x00007ff6f7610c43 (Unity) GetStacktrace
0x00007ff6f85113fa (Unity) DebugStringToFile
0x00007ff6f6d1558e (Unity) PopulateMethods
0x00007ff6f6d0e653 (Unity) CreateMonoScriptCache
0x00007ff6f6d16193 (Unity) MonoScript::Renew
0x00007ff6f6d310f0 (Unity) MonoManager::EndReloadAssembly
0x00007ff6f6d37efd (Unity) MonoManager::ReloadAssembly
0x00007ff6f74d2732 (Unity) LoadDomainAndUserAssemblies
0x00007ff6f74d2aec (Unity) LoadUserAssemblies
0x00007ff6f720c8a1 (Unity) Application::InitializeProject
0x00007ff6f761a2e7 (Unity) WinMain
0x00007ff6f9146472 (Unity) __scrt_common_main_seh
0x00007ff9c8377034 (KERNEL32) BaseThreadInitThunk
0x00007ff9c9dc2651 (ntdll) RtlUserThreadStart

Native extension for WindowsStandalone target not found
Native extension for WebGL target not found
Refreshing native plugins compatible for Editor in 63.59 ms, found 1 plugins.
Preloading 0 native plugins for Editor in 0.00 ms.
Find all reader and writers took 98 milliseconds
Script Module: UnityEngine.UI.dll
Weave behaviours and messages took89 milliseconds
Find all reader and writers took 90 milliseconds
Script Module: UnityEngine.TestRunner.dll
Weave behaviours and messages took29 milliseconds
Find all reader and writers took 73 milliseconds
Script Module: Unity.Mathematics.dll
Weave behaviours and messages took215 milliseconds
Find all reader and writers took 77 milliseconds
Script Module: Unity.2D.Animation.Triangle.Runtime.dll
Weave behaviours and messages took42 milliseconds
Find all reader and writers took 87 milliseconds
Script Module: SimpleWebTransport.dll
Weave behaviours and messages took11 milliseconds
Find all reader and writers took 78 milliseconds
Script Module: Unity.Timeline.dll
Weave behaviours and messages took31 milliseconds
