Using pre-set license
Built from '2021.1/staging' branch; Version is '2021.1.6f1 (c0fade0cc7e9) revision 12647134'; Using compiler version '192528614'; Build Type 'Release'
OS: 'Windows 10 Home; OS build 19041.1052; Version 2004; 64bit' Language: 'en' Physical Memory: 16250 MB
BatchMode: 1, IsHumanControllingUs: 0, StartBugReporterOnCrash: 0, Is64bit: 1, IsPro: 0

 COMMAND LINE ARGUMENTS:
D:\Programs\Unity\2021.1.6f1\Editor\Unity.exe
-adb2
-batchMode
-noUpm
-name
AssetImportWorker1
-projectPath
D:/Projects/Draft/Draft_clone_0
-logFile
Logs/AssetImportWorker1.log
-srvPort
65249
Successfully changed project path to: D:/Projects/Draft/Draft_clone_0
D:/Projects/Draft/Draft_clone_0
Using Asset Import Pipeline V2.
Refreshing native plugins compatible for Editor in 60.25 ms, found 1 plugins.
Preloading 0 native plugins for Editor in 0.00 ms.
Initialize engine version: 2021.1.6f1 (c0fade0cc7e9)
[Subsystems] Discovering subsystems at path D:/Programs/Unity/2021.1.6f1/Editor/Data/Resources/UnitySubsystems
[Subsystems] Discovering subsystems at path D:/Projects/Draft/Draft_clone_0/Assets
GfxDevice: creating device client; threaded=0; jobified=0
Direct3D:
    Version:  Direct3D 11.0 [level 11.1]
    Renderer: NVIDIA GeForce GTX 1050 Ti (ID=0x1c8c)
    Vendor:   NVIDIA
    VRAM:     4018 MB
    Driver:   30.0.14.7111
Initialize mono
Mono path[0] = 'D:/Programs/Unity/2021.1.6f1/Editor/Data/Managed'
Mono path[1] = 'D:/Programs/Unity/2021.1.6f1/Editor/Data/MonoBleedingEdge/lib/mono/unityjit'
Mono config path = 'D:/Programs/Unity/2021.1.6f1/Editor/Data/MonoBleedingEdge/etc'
Using monoOptions --debugger-agent=transport=dt_socket,embedding=1,server=y,suspend=n,address=127.0.0.1:56772
Begin MonoManager ReloadAssembly
Registering precompiled unity dll's ...
Register platform support module: D:/Programs/Unity/2021.1.6f1/Editor/Data/PlaybackEngines/WebGLSupport/UnityEditor.WebGL.Extensions.dll
Register platform support module: D:/Programs/Unity/2021.1.6f1/Editor/Data/PlaybackEngines/WindowsStandaloneSupport/UnityEditor.WindowsStandalone.Extensions.dll
Registered in 0.002197 seconds.
Native extension for WindowsStandalone target not found
Native extension for WebGL target not found
Refreshing native plugins compatible for Editor in 71.65 ms, found 1 plugins.
Preloading 0 native plugins for Editor in 0.00 ms.
Mono: successfully reloaded assembly
- Completed reload, in  2.827 seconds
Platform modules already initialized, skipping
Registering precompiled user dll's ...
Registered in 0.002930 seconds.
Begin MonoManager ReloadAssembly
Native extension for WindowsStandalone target not found
Native extension for WebGL target not found
Refreshing native plugins compatible for Editor in 65.55 ms, found 1 plugins.
Preloading 0 native plugins for Editor in 0.00 ms.
Find all reader and writers took 117 milliseconds
Script Module: UnityEngine.UI.dll
Weave behaviours and messages took92 milliseconds
Find all reader and writers took 104 milliseconds
Script Module: UnityEngine.TestRunner.dll
Weave behaviours and messages took37 milliseconds
Find all reader and writers took 122 milliseconds
Script Module: Unity.Mathematics.dll
Weave behaviours and messages took229 milliseconds
Find all reader and writers took 74 milliseconds
Script Module: Unity.2D.Animation.Triangle.Runtime.dll
Weave behaviours and messages took47 milliseconds
Find all reader and writers took 81 milliseconds
Script Module: SimpleWebTransport.dll
Weave behaviours and messages took9 milliseconds
Find all reader and writers took 90 milliseconds
Script Module: Unity.Timeline.dll
Weave behaviours and messages took30 milliseconds
Find all reader and writers took 128 milliseconds
Script Module: Unity.TextMeshPro.dll
Weave behaviours and messages took119 milliseconds
Find all reader and writers took 107 milliseconds
Script Module: Unity.2D.Animation.Runtime.dll
Weave behaviours and messages took11 milliseconds
Find all reader and writers took 85 milliseconds
Script Module: Unity.2D.IK.Runtime.dll
Weave behaviours and messages took6 milliseconds
Find all reader and writers took 101 milliseconds
Script Module: Unity.Notifications.Android.dll
Weave behaviours and messages took3 milliseconds
Find all reader and writers took 90 milliseconds
Script Module: Unity.2D.SpriteShape.Runtime.dll
Weave behaviours and messages took48 milliseconds
Find all reader and writers took 89 milliseconds
Script Module: Telepathy.dll
Weave behaviours and messages took3 milliseconds
Find all reader and writers took 93 milliseconds
Script Module: kcp2k.dll
Weave behaviours and messages took3 milliseconds
Find all reader and writers took 89 milliseconds
Script Module: Unity.Notifications.iOS.dll
Weave behaviours and messages took3 milliseconds
Find all reader and writers took 101 milliseconds
Script Module: Unity.2D.PixelPerfect.dll
Weave behaviours and messages took2 milliseconds
Find all reader and writers took 81 milliseconds
Script Module: Mirror.Examples.Cloud.GUI.dll
Weave behaviours and messages took3 milliseconds
Find all reader and writers took 599 milliseconds
Script Module: Mirror.Cloud.dll
Weave behaviours and messages took14 milliseconds
Find all reader and writers took 85 milliseconds
Script Module: Unity.2D.Common.Runtime.dll
Weave behaviours and messages took0 milliseconds
Find all reader and writers took 83 milliseconds
Script Module: Unity.InternalAPIEngineBridge.001.dll
Weave behaviours and messages took0 milliseconds
Find all reader and writers took 160 milliseconds
Script Module: UnityEditor.TestRunner.dll
Weave behaviours and messages took47 milliseconds
Find all reader and writers took 111 milliseconds
Script Module: UnityEditor.UI.dll
Weave behaviours and messages took19 milliseconds
Find all reader and writers took 87 milliseconds
Script Module: PsdPlugin.dll
Weave behaviours and messages took17 milliseconds
Find all reader and writers took 106 milliseconds
Script Module: ParrelSync.dll
Weave behaviours and messages took5 milliseconds
Find all reader and writers took 103 milliseconds
Script Module: Unity.Notifications.dll
Weave behaviours and messages took2 milliseconds
Find all reader and writers took 84 milliseconds
Script Module: Mirror.CompilerSymbols.dll
Weave behaviours and messages took0 milliseconds
Find all reader and writers took 123 milliseconds
Script Module: Unity.InternalAPIEditorBridge.001.dll
Weave behaviours and messages took1 milliseconds
Mono: successfully reloaded assembly
- Completed reload, in 13.140 seconds
Platform modules already initialized, skipping
========================================================================
Worker process is ready to serve import requests
Launched and connected shader compiler UnityShaderCompiler.exe after 0.07 seconds
Refreshing native plugins compatible for Editor in 0.88 ms, found 1 plugins.
Preloading 0 native plugins for Editor in 0.00 ms.
Unloading 2228 Unused Serialized files (Serialized files now loaded: 0)
System memory in use before: 98.3 MB.
System memory in use after: 98.4 MB.

Unloading 37 unused Assets to reduce memory usage. Loaded Objects now: 2674.
Total: 3.423500 ms (FindLiveObjects: 0.199400 ms CreateObjectMapping: 0.119800 ms MarkObjects: 3.039500 ms  DeleteObjects: 0.063800 ms)

========================================================================
Received Import Request.
  path: Assets/_Scenes/Offline.unity
  artifactKey: Guid(9ebef6b4070c22c4198f876d764ecb3c) Importer(815301076,1909f56bfc062723c751e8b465ee728b)
Start importing Assets/_Scenes/Offline.unity using Guid(9ebef6b4070c22c4198f876d764ecb3c) Importer(815301076,1909f56bfc062723c751e8b465ee728b)  -> (artifact id: 'e00050b012dbf0aead8b47fc3a3f974b') in 0.017834 seconds 
========================================================================
Received Prepare
Registering precompiled user dll's ...
Registered in 0.004065 seconds.
Begin MonoManager ReloadAssembly
Native extension for WindowsStandalone target not found
Native extension for WebGL target not found
Refreshing native plugins compatible for Editor in 0.54 ms, found 1 plugins.
Preloading 0 native plugins for Editor in 0.00 ms.
Mono: successfully reloaded assembly
- Completed reload, in  1.202 seconds
Platform modules already initialized, skipping
Refreshing native plugins compatible for Editor in 0.60 ms, found 1 plugins.
Preloading 0 native plugins for Editor in 0.00 ms.
Unloading 2218 Unused Serialized files (Serialized files now loaded: 0)
System memory in use before: 97.9 MB.
System memory in use after: 98.0 MB.

Unloading 25 unused Assets to reduce memory usage. Loaded Objects now: 2678.
Total: 2.553500 ms (FindLiveObjects: 0.174900 ms CreateObjectMapping: 0.097500 ms MarkObjects: 2.259800 ms  DeleteObjects: 0.020200 ms)

========================================================================
Received Import Request.
  Time since last request: 147.863416 seconds.
  path: Assets/_Scenes/Offline.unity
  artifactKey: Guid(9ebef6b4070c22c4198f876d764ecb3c) Importer(815301076,1909f56bfc062723c751e8b465ee728b)
Start importing Assets/_Scenes/Offline.unity using Guid(9ebef6b4070c22c4198f876d764ecb3c) Importer(815301076,1909f56bfc062723c751e8b465ee728b)  -> (artifact id: 'e979bad76a61a9373f7f787e3164d3d4') in 0.012655 seconds 
========================================================================
Received Prepare
Registering precompiled user dll's ...
Registered in 0.004074 seconds.
Begin MonoManager ReloadAssembly
Native extension for WindowsStandalone target not found
Native extension for WebGL target not found
Refreshing native plugins compatible for Editor in 1.28 ms, found 1 plugins.
Preloading 0 native plugins for Editor in 0.00 ms.
Mono: successfully reloaded assembly
- Completed reload, in  2.569 seconds
Platform modules already initialized, skipping
Refreshing native plugins compatible for Editor in 0.91 ms, found 1 plugins.
Preloading 0 native plugins for Editor in 0.00 ms.
Unloading 2218 Unused Serialized files (Serialized files now loaded: 0)
System memory in use before: 97.9 MB.
System memory in use after: 98.1 MB.

Unloading 25 unused Assets to reduce memory usage. Loaded Objects now: 2682.
Total: 3.501100 ms (FindLiveObjects: 0.284400 ms CreateObjectMapping: 0.213500 ms MarkObjects: 2.974100 ms  DeleteObjects: 0.027400 ms)

========================================================================
Received Prepare
Registering precompiled user dll's ...
Registered in 0.007825 seconds.
Begin MonoManager ReloadAssembly
Native extension for WindowsStandalone target not found
Native extension for WebGL target not found
Refreshing native plugins compatible for Editor in 2.17 ms, found 1 plugins.
Preloading 0 native plugins for Editor in 0.00 ms.
Mono: successfully reloaded assembly
- Completed reload, in  9.105 seconds
Platform modules already initialized, skipping
Refreshing native plugins compatible for Editor in 20.49 ms, found 1 plugins.
Preloading 0 native plugins for Editor in 0.00 ms.
Unloading 2218 Unused Serialized files (Serialized files now loaded: 0)
System memory in use before: 98.0 MB.
System memory in use after: 98.1 MB.

Unloading 25 unused Assets to reduce memory usage. Loaded Objects now: 2686.
Total: 8.529000 ms (FindLiveObjects: 0.443100 ms CreateObjectMapping: 0.566700 ms MarkObjects: 7.486400 ms  DeleteObjects: 0.030500 ms)

========================================================================
Received Prepare
Registering precompiled user dll's ...
Registered in 0.004028 seconds.
Begin MonoManager ReloadAssembly
Native extension for WindowsStandalone target not found
Native extension for WebGL target not found
Refreshing native plugins compatible for Editor in 2.09 ms, found 1 plugins.
Preloading 0 native plugins for Editor in 0.00 ms.
Mono: successfully reloaded assembly
- Completed reload, in  3.891 seconds
Platform modules already initialized, skipping
Refreshing native plugins compatible for Editor in 1.09 ms, found 1 plugins.
Preloading 0 native plugins for Editor in 0.00 ms.
Unloading 2218 Unused Serialized files (Serialized files now loaded: 0)
System memory in use before: 98.0 MB.
System memory in use after: 98.1 MB.

Unloading 25 unused Assets to reduce memory usage. Loaded Objects now: 2690.
Total: 4.220800 ms (FindLiveObjects: 0.458600 ms CreateObjectMapping: 0.266300 ms MarkObjects: 3.469600 ms  DeleteObjects: 0.024100 ms)

========================================================================
Received Prepare
Registering precompiled user dll's ...
Registered in 0.033134 seconds.
Begin MonoManager ReloadAssembly
Native extension for WindowsStandalone target not found
Native extension for WebGL target not found
Refreshing native plugins compatible for Editor in 1.42 ms, found 1 plugins.
Preloading 0 native plugins for Editor in 0.00 ms.
Mono: successfully reloaded assembly
- Completed reload, in  2.236 seconds
Platform modules already initialized, skipping
Refreshing native plugins compatible for Editor in 2.04 ms, found 1 plugins.
Preloading 0 native plugins for Editor in 0.00 ms.
Unloading 2218 Unused Serialized files (Serialized files now loaded: 0)
System memory in use before: 98.0 MB.
System memory in use after: 98.1 MB.

Unloading 25 unused Assets to reduce memory usage. Loaded Objects now: 2694.
Total: 5.867800 ms (FindLiveObjects: 0.953300 ms CreateObjectMapping: 0.202000 ms MarkObjects: 4.661600 ms  DeleteObjects: 0.049200 ms)

========================================================================
Received Import Request.
  Time since last request: 5228.066102 seconds.
  path: Assets/_Scenes/Lobby.unity
  artifactKey: Guid(71c50bff85fe17a4ea031aa85e7966ea) Importer(815301076,1909f56bfc062723c751e8b465ee728b)
Start importing Assets/_Scenes/Lobby.unity using Guid(71c50bff85fe17a4ea031aa85e7966ea) Importer(815301076,1909f56bfc062723c751e8b465ee728b)  -> (artifact id: '4c8fe7f68ab31eebfff2dbf4c0af35b1') in 0.030172 seconds 
========================================================================
Received Import Request.
  Time since last request: 11.431947 seconds.
  path: Assets/_Scenes/Game.unity
  artifactKey: Guid(2cda990e2423bbf4892e6590ba056729) Importer(815301076,1909f56bfc062723c751e8b465ee728b)
Start importing Assets/_Scenes/Game.unity using Guid(2cda990e2423bbf4892e6590ba056729) Importer(815301076,1909f56bfc062723c751e8b465ee728b)  -> (artifact id: 'a4eb528c07c7d45aa9f189e0f000df4d') in 0.018510 seconds 
========================================================================
Received Import Request.
  Time since last request: 0.635117 seconds.
  path: Assets/_Scenes/Offline.unity
  artifactKey: Guid(9ebef6b4070c22c4198f876d764ecb3c) Importer(815301076,1909f56bfc062723c751e8b465ee728b)
Start importing Assets/_Scenes/Offline.unity using Guid(9ebef6b4070c22c4198f876d764ecb3c) Importer(815301076,1909f56bfc062723c751e8b465ee728b)  -> (artifact id: '60808b3f5eab330c0e92923e3132ba75') in 0.003964 seconds 
========================================================================
Received Prepare
Registering precompiled user dll's ...
Registered in 0.016409 seconds.
Begin MonoManager ReloadAssembly
Native extension for WindowsStandalone target not found
Native extension for WebGL target not found
Refreshing native plugins compatible for Editor in 0.89 ms, found 1 plugins.
Preloading 0 native plugins for Editor in 0.00 ms.
Mono: successfully reloaded assembly
- Completed reload, in  2.419 seconds
Platform modules already initialized, skipping
Refreshing native plugins compatible for Editor in 1.74 ms, found 1 plugins.
Preloading 0 native plugins for Editor in 0.00 ms.
Unloading 2218 Unused Serialized files (Serialized files now loaded: 0)
System memory in use before: 98.0 MB.
System memory in use after: 98.1 MB.

Unloading 25 unused Assets to reduce memory usage. Loaded Objects now: 2698.
Total: 8.330100 ms (FindLiveObjects: 2.269700 ms CreateObjectMapping: 0.299400 ms MarkObjects: 5.588700 ms  DeleteObjects: 0.166800 ms)

========================================================================
Received Prepare
Registering precompiled user dll's ...
Registered in 0.003143 seconds.
Begin MonoManager ReloadAssembly
Native extension for WindowsStandalone target not found
Native extension for WebGL target not found
Refreshing native plugins compatible for Editor in 0.58 ms, found 1 plugins.
Preloading 0 native plugins for Editor in 0.00 ms.
Mono: successfully reloaded assembly
- Completed reload, in  1.306 seconds
Platform modules already initialized, skipping
Refreshing native plugins compatible for Editor in 0.54 ms, found 1 plugins.
Preloading 0 native plugins for Editor in 0.00 ms.
Unloading 2218 Unused Serialized files (Serialized files now loaded: 0)
System memory in use before: 98.0 MB.
System memory in use after: 98.2 MB.

Unloading 25 unused Assets to reduce memory usage. Loaded Objects now: 2702.
Total: 3.203300 ms (FindLiveObjects: 0.186600 ms CreateObjectMapping: 0.088900 ms MarkObjects: 2.908100 ms  DeleteObjects: 0.018800 ms)

========================================================================
Received Prepare
Registering precompiled user dll's ...
Registered in 0.011832 seconds.
Begin MonoManager ReloadAssembly
Native extension for WindowsStandalone target not found
Native extension for WebGL target not found
Refreshing native plugins compatible for Editor in 1.48 ms, found 1 plugins.
Preloading 0 native plugins for Editor in 0.00 ms.
Mono: successfully reloaded assembly
- Completed reload, in  2.547 seconds
Platform modules already initialized, skipping
Refreshing native plugins compatible for Editor in 1.04 ms, found 1 plugins.
Preloading 0 native plugins for Editor in 0.00 ms.
Unloading 2218 Unused Serialized files (Serialized files now loaded: 0)
System memory in use before: 98.1 MB.
System memory in use after: 98.3 MB.

Unloading 25 unused Assets to reduce memory usage. Loaded Objects now: 2706.
Total: 4.207600 ms (FindLiveObjects: 0.291300 ms CreateObjectMapping: 0.138100 ms MarkObjects: 3.751000 ms  DeleteObjects: 0.025400 ms)

========================================================================
Received Prepare
Registering precompiled user dll's ...
Registered in 0.004036 seconds.
Begin MonoManager ReloadAssembly
Native extension for WindowsStandalone target not found
Native extension for WebGL target not found
Refreshing native plugins compatible for Editor in 0.67 ms, found 1 plugins.
Preloading 0 native plugins for Editor in 0.00 ms.
Mono: successfully reloaded assembly
- Completed reload, in  1.370 seconds
Platform modules already initialized, skipping
Refreshing native plugins compatible for Editor in 0.54 ms, found 1 plugins.
Preloading 0 native plugins for Editor in 0.00 ms.
Unloading 2218 Unused Serialized files (Serialized files now loaded: 0)
System memory in use before: 98.1 MB.
System memory in use after: 98.4 MB.

Unloading 25 unused Assets to reduce memory usage. Loaded Objects now: 2710.
Total: 2.708400 ms (FindLiveObjects: 0.359600 ms CreateObjectMapping: 0.138300 ms MarkObjects: 2.191200 ms  DeleteObjects: 0.018300 ms)

AssetImportWorkerClient::OnTransportError - code=2 error=End of file
