Using pre-set license
Built from '2021.1/staging' branch; Version is '2021.1.6f1 (c0fade0cc7e9) revision 12647134'; Using compiler version '192528614'; Build Type 'Release'
OS: 'Windows 10 Home; OS build 19041.1052; Version 2004; 64bit' Language: 'en' Physical Memory: 16250 MB
BatchMode: 1, IsHumanControllingUs: 0, StartBugReporterOnCrash: 0, Is64bit: 1, IsPro: 0

 COMMAND LINE ARGUMENTS:
D:\Programs\Unity\2021.1.6f1\Editor\Unity.exe
-adb2
-batchMode
-noUpm
-name
AssetImportWorker3
-projectPath
D:/Projects/Draft/Draft_clone_1
-logFile
Logs/AssetImportWorker3.log
-srvPort
61016
Successfully changed project path to: D:/Projects/Draft/Draft_clone_1
D:/Projects/Draft/Draft_clone_1
Using Asset Import Pipeline V2.
Refreshing native plugins compatible for Editor in 242.56 ms, found 1 plugins.
Preloading 0 native plugins for Editor in 0.00 ms.
Initialize engine version: 2021.1.6f1 (c0fade0cc7e9)
[Subsystems] Discovering subsystems at path D:/Programs/Unity/2021.1.6f1/Editor/Data/Resources/UnitySubsystems
[Subsystems] Discovering subsystems at path D:/Projects/Draft/Draft_clone_1/Assets
GfxDevice: creating device client; threaded=0; jobified=0
Direct3D:
    Version:  Direct3D 11.0 [level 11.1]
    Renderer: NVIDIA GeForce GTX 1050 Ti (ID=0x1c8c)
    Vendor:   NVIDIA
    VRAM:     4018 MB
    Driver:   27.21.14.6677
Initialize mono
Mono path[0] = 'D:/Programs/Unity/2021.1.6f1/Editor/Data/Managed'
Mono path[1] = 'D:/Programs/Unity/2021.1.6f1/Editor/Data/MonoBleedingEdge/lib/mono/unityjit'
Mono config path = 'D:/Programs/Unity/2021.1.6f1/Editor/Data/MonoBleedingEdge/etc'
Using monoOptions --debugger-agent=transport=dt_socket,embedding=1,server=y,suspend=n,address=127.0.0.1:56648
Begin MonoManager ReloadAssembly
Registering precompiled unity dll's ...
Register platform support module: D:/Programs/Unity/2021.1.6f1/Editor/Data/PlaybackEngines/WebGLSupport/UnityEditor.WebGL.Extensions.dll
Register platform support module: D:/Programs/Unity/2021.1.6f1/Editor/Data/PlaybackEngines/WindowsStandaloneSupport/UnityEditor.WindowsStandalone.Extensions.dll
Registered in 0.003272 seconds.
Native extension for WindowsStandalone target not found
Native extension for WebGL target not found
Refreshing native plugins compatible for Editor in 165.25 ms, found 1 plugins.
Preloading 0 native plugins for Editor in 0.00 ms.
Mono: successfully reloaded assembly
- Completed reload, in  6.331 seconds
Platform modules already initialized, skipping
Registering precompiled user dll's ...
Registered in 0.013203 seconds.
Begin MonoManager ReloadAssembly
Native extension for WindowsStandalone target not found
Native extension for WebGL target not found
Refreshing native plugins compatible for Editor in 109.18 ms, found 1 plugins.
Preloading 0 native plugins for Editor in 0.00 ms.
Find all reader and writers took 173 milliseconds
Script Module: UnityEngine.UI.dll
Weave behaviours and messages took179 milliseconds
Find all reader and writers took 133 milliseconds
Script Module: UnityEngine.TestRunner.dll
Weave behaviours and messages took51 milliseconds
Find all reader and writers took 127 milliseconds
Script Module: Unity.Mathematics.dll
Weave behaviours and messages took339 milliseconds
Find all reader and writers took 100 milliseconds
Script Module: Unity.2D.Animation.Triangle.Runtime.dll
Weave behaviours and messages took68 milliseconds
Find all reader and writers took 123 milliseconds
Script Module: SimpleWebTransport.dll
Weave behaviours and messages took14 milliseconds
Find all reader and writers took 187 milliseconds
Script Module: Unity.Timeline.dll
Weave behaviours and messages took96 milliseconds
Find all reader and writers took 179 milliseconds
Script Module: Unity.TextMeshPro.dll
Weave behaviours and messages took194 milliseconds
Find all reader and writers took 110 milliseconds
Script Module: Unity.2D.Animation.Runtime.dll
Weave behaviours and messages took9 milliseconds
Find all reader and writers took 172 milliseconds
Script Module: Unity.2D.IK.Runtime.dll
Weave behaviours and messages took9 milliseconds
Find all reader and writers took 176 milliseconds
Script Module: Unity.Notifications.Android.dll
Weave behaviours and messages took8 milliseconds
Find all reader and writers took 230 milliseconds
Script Module: Unity.2D.SpriteShape.Runtime.dll
Weave behaviours and messages took75 milliseconds
Find all reader and writers took 155 milliseconds
Script Module: Telepathy.dll
Weave behaviours and messages took6 milliseconds
Find all reader and writers took 133 milliseconds
Script Module: kcp2k.dll
Weave behaviours and messages took12 milliseconds
Find all reader and writers took 135 milliseconds
Script Module: Unity.Notifications.iOS.dll
Weave behaviours and messages took4 milliseconds
Find all reader and writers took 152 milliseconds
Script Module: Unity.2D.PixelPerfect.dll
Weave behaviours and messages took4 milliseconds
Find all reader and writers took 115 milliseconds
Script Module: Mirror.Examples.Cloud.GUI.dll
Weave behaviours and messages took4 milliseconds
Find all reader and writers took 120 milliseconds
Script Module: Mirror.Cloud.dll
Weave behaviours and messages took5 milliseconds
Find all reader and writers took 124 milliseconds
Script Module: Unity.2D.Common.Runtime.dll
Weave behaviours and messages took0 milliseconds
Find all reader and writers took 229 milliseconds
Script Module: Unity.InternalAPIEngineBridge.001.dll
Weave behaviours and messages took0 milliseconds
Find all reader and writers took 356 milliseconds
Script Module: UnityEditor.TestRunner.dll
Weave behaviours and messages took123 milliseconds
Find all reader and writers took 193 milliseconds
Script Module: UnityEditor.UI.dll
Weave behaviours and messages took19 milliseconds
Find all reader and writers took 120 milliseconds
Script Module: PsdPlugin.dll
Weave behaviours and messages took24 milliseconds
