Using pre-set license
Built from '2021.1/staging' branch; Version is '2021.1.6f1 (c0fade0cc7e9) revision 12647134'; Using compiler version '192528614'; Build Type 'Release'
OS: 'Windows 10 Home; OS build 19041.1052; Version 2004; 64bit' Language: 'en' Physical Memory: 16250 MB
BatchMode: 1, IsHumanControllingUs: 0, StartBugReporterOnCrash: 0, Is64bit: 1, IsPro: 0

 COMMAND LINE ARGUMENTS:
D:\Programs\Unity\2021.1.6f1\Editor\Unity.exe
-adb2
-batchMode
-noUpm
-name
AssetImportWorker4
-projectPath
D:/Projects/Draft/Draft_clone_1
-logFile
Logs/AssetImportWorker4.log
-srvPort
61016
Successfully changed project path to: D:/Projects/Draft/Draft_clone_1
D:/Projects/Draft/Draft_clone_1
Using Asset Import Pipeline V2.
Refreshing native plugins compatible for Editor in 63.75 ms, found 1 plugins.
Preloading 0 native plugins for Editor in 0.00 ms.
Initialize engine version: 2021.1.6f1 (c0fade0cc7e9)
[Subsystems] Discovering subsystems at path D:/Programs/Unity/2021.1.6f1/Editor/Data/Resources/UnitySubsystems
[Subsystems] Discovering subsystems at path D:/Projects/Draft/Draft_clone_1/Assets
GfxDevice: creating device client; threaded=0; jobified=0
Direct3D:
    Version:  Direct3D 11.0 [level 11.1]
    Renderer: NVIDIA GeForce GTX 1050 Ti (ID=0x1c8c)
    Vendor:   NVIDIA
    VRAM:     4018 MB
    Driver:   27.21.14.6677
Initialize mono
Mono path[0] = 'D:/Programs/Unity/2021.1.6f1/Editor/Data/Managed'
Mono path[1] = 'D:/Programs/Unity/2021.1.6f1/Editor/Data/MonoBleedingEdge/lib/mono/unityjit'
Mono config path = 'D:/Programs/Unity/2021.1.6f1/Editor/Data/MonoBleedingEdge/etc'
Using monoOptions --debugger-agent=transport=dt_socket,embedding=1,server=y,suspend=n,address=127.0.0.1:56368
Begin MonoManager ReloadAssembly
Registering precompiled unity dll's ...
Register platform support module: D:/Programs/Unity/2021.1.6f1/Editor/Data/PlaybackEngines/WebGLSupport/UnityEditor.WebGL.Extensions.dll
Register platform support module: D:/Programs/Unity/2021.1.6f1/Editor/Data/PlaybackEngines/WindowsStandaloneSupport/UnityEditor.WindowsStandalone.Extensions.dll
Registered in 0.001473 seconds.
Native extension for WindowsStandalone target not found
Native extension for WebGL target not found
Refreshing native plugins compatible for Editor in 60.83 ms, found 1 plugins.
Preloading 0 native plugins for Editor in 0.00 ms.
Mono: successfully reloaded assembly
- Completed reload, in  2.345 seconds
Platform modules already initialized, skipping
Registering precompiled user dll's ...
Registered in 0.003551 seconds.
Begin MonoManager ReloadAssembly
Native extension for WindowsStandalone target not found
Native extension for WebGL target not found
Refreshing native plugins compatible for Editor in 55.20 ms, found 1 plugins.
Preloading 0 native plugins for Editor in 0.00 ms.
Find all reader and writers took 128 milliseconds
Script Module: UnityEngine.UI.dll
Weave behaviours and messages took94 milliseconds
Find all reader and writers took 91 milliseconds
Script Module: UnityEngine.TestRunner.dll
Weave behaviours and messages took28 milliseconds
Find all reader and writers took 125 milliseconds
Script Module: Unity.Mathematics.dll
Weave behaviours and messages took269 milliseconds
Find all reader and writers took 78 milliseconds
Script Module: Unity.2D.Animation.Triangle.Runtime.dll
Weave behaviours and messages took39 milliseconds
Find all reader and writers took 90 milliseconds
Script Module: SimpleWebTransport.dll
Weave behaviours and messages took8 milliseconds
Find all reader and writers took 89 milliseconds
Script Module: Unity.Timeline.dll
Weave behaviours and messages took31 milliseconds
Find all reader and writers took 102 milliseconds
Script Module: Unity.TextMeshPro.dll
Weave behaviours and messages took87 milliseconds
Find all reader and writers took 78 milliseconds
Script Module: Unity.2D.Animation.Runtime.dll
Weave behaviours and messages took9 milliseconds
Find all reader and writers took 78 milliseconds
Script Module: Unity.2D.IK.Runtime.dll
Weave behaviours and messages took3 milliseconds
Find all reader and writers took 79 milliseconds
Script Module: Unity.Notifications.Android.dll
Weave behaviours and messages took3 milliseconds
Find all reader and writers took 77 milliseconds
Script Module: Unity.2D.SpriteShape.Runtime.dll
Weave behaviours and messages took25 milliseconds
Find all reader and writers took 66 milliseconds
Script Module: Telepathy.dll
Weave behaviours and messages took2 milliseconds
Find all reader and writers took 83 milliseconds
Script Module: kcp2k.dll
Weave behaviours and messages took4 milliseconds
Find all reader and writers took 85 milliseconds
Script Module: Unity.Notifications.iOS.dll
Weave behaviours and messages took2 milliseconds
Find all reader and writers took 85 milliseconds
Script Module: Unity.2D.PixelPerfect.dll
Weave behaviours and messages took1 milliseconds
Find all reader and writers took 76 milliseconds
Script Module: Mirror.Examples.Cloud.GUI.dll
Weave behaviours and messages took3 milliseconds
Find all reader and writers took 79 milliseconds
Script Module: Mirror.Cloud.dll
Weave behaviours and messages took3 milliseconds
Find all reader and writers took 76 milliseconds
Script Module: Unity.2D.Common.Runtime.dll
Weave behaviours and messages took0 milliseconds
Find all reader and writers took 78 milliseconds
Script Module: Unity.InternalAPIEngineBridge.001.dll
Weave behaviours and messages took0 milliseconds
Find all reader and writers took 110 milliseconds
Script Module: UnityEditor.TestRunner.dll
Weave behaviours and messages took39 milliseconds
Find all reader and writers took 111 milliseconds
Script Module: UnityEditor.UI.dll
Weave behaviours and messages took13 milliseconds
Find all reader and writers took 84 milliseconds
Script Module: PsdPlugin.dll
Weave behaviours and messages took16 milliseconds
Find all reader and writers took 112 milliseconds
Script Module: ParrelSync.dll
Weave behaviours and messages took2 milliseconds
Find all reader and writers took 112 milliseconds
Script Module: Unity.Notifications.dll
Weave behaviours and messages took3 milliseconds
Find all reader and writers took 79 milliseconds
Script Module: Mirror.CompilerSymbols.dll
Weave behaviours and messages took0 milliseconds
Find all reader and writers took 96 milliseconds
Script Module: Unity.InternalAPIEditorBridge.001.dll
Weave behaviours and messages took0 milliseconds
Mono: successfully reloaded assembly
- Completed reload, in  9.088 seconds
Platform modules already initialized, skipping
========================================================================
Worker process is ready to serve import requests
Launched and connected shader compiler UnityShaderCompiler.exe after 0.07 seconds
Refreshing native plugins compatible for Editor in 1.01 ms, found 1 plugins.
Preloading 0 native plugins for Editor in 0.00 ms.
Unloading 2228 Unused Serialized files (Serialized files now loaded: 0)
System memory in use before: 98.3 MB.
System memory in use after: 98.4 MB.

Unloading 37 unused Assets to reduce memory usage. Loaded Objects now: 2674.
Total: 7.021900 ms (FindLiveObjects: 0.438800 ms CreateObjectMapping: 0.208000 ms MarkObjects: 6.255200 ms  DeleteObjects: 0.118100 ms)

========================================================================
Received Import Request.
  path: Assets/_Scenes/EntryScreen.unity
  artifactKey: Guid(71c50bff85fe17a4ea031aa85e7966ea) Importer(815301076,1909f56bfc062723c751e8b465ee728b)
Start importing Assets/_Scenes/EntryScreen.unity using Guid(71c50bff85fe17a4ea031aa85e7966ea) Importer(815301076,1909f56bfc062723c751e8b465ee728b)  -> (artifact id: 'e4d4b42bc65da2e467475d20905b2a70') in 0.024214 seconds 
========================================================================
Received Prepare
Registering precompiled user dll's ...
Registered in 0.003038 seconds.
Begin MonoManager ReloadAssembly
Native extension for WindowsStandalone target not found
Native extension for WebGL target not found
Refreshing native plugins compatible for Editor in 0.68 ms, found 1 plugins.
Preloading 0 native plugins for Editor in 0.00 ms.
Mono: successfully reloaded assembly
- Completed reload, in  1.113 seconds
Platform modules already initialized, skipping
Refreshing native plugins compatible for Editor in 0.58 ms, found 1 plugins.
Preloading 0 native plugins for Editor in 0.00 ms.
Unloading 2219 Unused Serialized files (Serialized files now loaded: 0)
System memory in use before: 97.9 MB.
System memory in use after: 98.0 MB.

Unloading 25 unused Assets to reduce memory usage. Loaded Objects now: 2679.
Total: 3.031600 ms (FindLiveObjects: 0.180700 ms CreateObjectMapping: 0.078400 ms MarkObjects: 2.723100 ms  DeleteObjects: 0.048300 ms)

========================================================================
Received Import Request.
  Time since last request: 33545.357060 seconds.
  path: Assets/_Scenes/Lobby.unity
  artifactKey: Guid(71c50bff85fe17a4ea031aa85e7966ea) Importer(815301076,1909f56bfc062723c751e8b465ee728b)
Start importing Assets/_Scenes/Lobby.unity using Guid(71c50bff85fe17a4ea031aa85e7966ea) Importer(815301076,1909f56bfc062723c751e8b465ee728b)  -> (artifact id: 'd2927684cba33b958dc29ad30009a808') in 0.019517 seconds 
AssetImportWorkerClient::OnTransportError - code=2 error=End of file
