Using pre-set license
Built from '2021.1/staging' branch; Version is '2021.1.6f1 (c0fade0cc7e9) revision 12647134'; Using compiler version '192528614'; Build Type 'Release'
OS: 'Windows 10 Home; OS build 19041.1052; Version 2004; 64bit' Language: 'en' Physical Memory: 16250 MB
BatchMode: 1, IsHumanControllingUs: 0, StartBugReporterOnCrash: 0, Is64bit: 1, IsPro: 0

 COMMAND LINE ARGUMENTS:
D:\Programs\Unity\2021.1.6f1\Editor\Unity.exe
-adb2
-batchMode
-noUpm
-name
AssetImportWorker0
-projectPath
D:/Projects/Draft/Draft_clone_1
-logFile
Logs/AssetImportWorker0.log
-srvPort
61016
Successfully changed project path to: D:/Projects/Draft/Draft_clone_1
D:/Projects/Draft/Draft_clone_1
Using Asset Import Pipeline V2.
Refreshing native plugins compatible for Editor in 185.43 ms, found 1 plugins.
Preloading 0 native plugins for Editor in 0.00 ms.
Initialize engine version: 2021.1.6f1 (c0fade0cc7e9)
[Subsystems] Discovering subsystems at path D:/Programs/Unity/2021.1.6f1/Editor/Data/Resources/UnitySubsystems
[Subsystems] Discovering subsystems at path D:/Projects/Draft/Draft_clone_1/Assets
GfxDevice: creating device client; threaded=0; jobified=0
Direct3D:
    Version:  Direct3D 11.0 [level 11.1]
    Renderer: NVIDIA GeForce GTX 1050 Ti (ID=0x1c8c)
    Vendor:   NVIDIA
    VRAM:     4018 MB
    Driver:   27.21.14.6677
Initialize mono
Mono path[0] = 'D:/Programs/Unity/2021.1.6f1/Editor/Data/Managed'
Mono path[1] = 'D:/Programs/Unity/2021.1.6f1/Editor/Data/MonoBleedingEdge/lib/mono/unityjit'
Mono config path = 'D:/Programs/Unity/2021.1.6f1/Editor/Data/MonoBleedingEdge/etc'
Using monoOptions --debugger-agent=transport=dt_socket,embedding=1,server=y,suspend=n,address=127.0.0.1:56376
Begin MonoManager ReloadAssembly
Registering precompiled unity dll's ...
Register platform support module: D:/Programs/Unity/2021.1.6f1/Editor/Data/PlaybackEngines/WebGLSupport/UnityEditor.WebGL.Extensions.dll
Register platform support module: D:/Programs/Unity/2021.1.6f1/Editor/Data/PlaybackEngines/WindowsStandaloneSupport/UnityEditor.WindowsStandalone.Extensions.dll
Registered in 0.003348 seconds.
Native extension for WindowsStandalone target not found
Native extension for WebGL target not found
Refreshing native plugins compatible for Editor in 192.44 ms, found 1 plugins.
Preloading 0 native plugins for Editor in 0.00 ms.
Mono: successfully reloaded assembly
- Completed reload, in  5.923 seconds
Platform modules already initialized, skipping
Registering precompiled user dll's ...
Registered in 0.006229 seconds.
Begin MonoManager ReloadAssembly
Native extension for WindowsStandalone target not found
Native extension for WebGL target not found
Refreshing native plugins compatible for Editor in 101.13 ms, found 1 plugins.
Preloading 0 native plugins for Editor in 0.00 ms.
Find all reader and writers took 249 milliseconds
Script Module: UnityEngine.UI.dll
Weave behaviours and messages took205 milliseconds
Find all reader and writers took 162 milliseconds
Script Module: UnityEngine.TestRunner.dll
Weave behaviours and messages took55 milliseconds
Find all reader and writers took 149 milliseconds
Script Module: Unity.Mathematics.dll
Weave behaviours and messages took367 milliseconds
Find all reader and writers took 394 milliseconds
Script Module: Unity.2D.Animation.Triangle.Runtime.dll
Weave behaviours and messages took77 milliseconds
Find all reader and writers took 197 milliseconds
Script Module: SimpleWebTransport.dll
Weave behaviours and messages took12 milliseconds
Find all reader and writers took 265 milliseconds
Script Module: Unity.Timeline.dll
Weave behaviours and messages took116 milliseconds
Find all reader and writers took 262 milliseconds
Script Module: Unity.TextMeshPro.dll
Weave behaviours and messages took229 milliseconds
Find all reader and writers took 154 milliseconds
Script Module: Unity.2D.Animation.Runtime.dll
Weave behaviours and messages took13 milliseconds
Find all reader and writers took 165 milliseconds
Script Module: Unity.2D.IK.Runtime.dll
Weave behaviours and messages took5 milliseconds
Find all reader and writers took 191 milliseconds
Script Module: Unity.Notifications.Android.dll
Weave behaviours and messages took5 milliseconds
Find all reader and writers took 217 milliseconds
Script Module: Unity.2D.SpriteShape.Runtime.dll
Weave behaviours and messages took57 milliseconds
Find all reader and writers took 226 milliseconds
Script Module: Telepathy.dll
Weave behaviours and messages took9 milliseconds
Find all reader and writers took 601 milliseconds
Script Module: kcp2k.dll
Weave behaviours and messages took21 milliseconds
Find all reader and writers took 543 milliseconds
Script Module: Unity.Notifications.iOS.dll
Weave behaviours and messages took18 milliseconds
Find all reader and writers took 162 milliseconds
Script Module: Unity.2D.PixelPerfect.dll
Weave behaviours and messages took2 milliseconds
Find all reader and writers took 217 milliseconds
Script Module: Mirror.Examples.Cloud.GUI.dll
Weave behaviours and messages took9 milliseconds
Find all reader and writers took 187 milliseconds
Script Module: Mirror.Cloud.dll
Weave behaviours and messages took7 milliseconds
Find all reader and writers took 209 milliseconds
Script Module: Unity.2D.Common.Runtime.dll
Weave behaviours and messages took0 milliseconds
Find all reader and writers took 157 milliseconds
Script Module: Unity.InternalAPIEngineBridge.001.dll
Weave behaviours and messages took0 milliseconds
